<?xml version="1.0" encoding="UTF-8"?>
<!-- Generated by org.testng.reporters.JUnitXMLReporter -->
<testsuite ignored="3" hostname="SHIVANI2000" failures="2" tests="2" name="Default test(failed)" time="127.864" errors="0" timestamp="2023-06-17T19:43:01 IST">
  <testcase classname="TrelloEndToEndScenarios.TrelloBoards" name="trelloCreateAndDeleteBoard" time="54.687">
    <failure type="org.openqa.selenium.TimeoutException" message="Expected condition failed: waiting for title to be &amp;quot;SHIVANI | Trello&amp;quot;. Current title: &amp;quot;Boards | Trello&amp;quot; (tried for 35 second(s) with 500 milliseconds interval)
Build info: version: &amp;apos;4.9.0&amp;apos;, revision: &amp;apos;d7057100a6&amp;apos;
System info: os.name: &amp;apos;Windows 11&amp;apos;, os.arch: &amp;apos;amd64&amp;apos;, os.version: &amp;apos;10.0&amp;apos;, java.version: &amp;apos;17.0.6&amp;apos;
Driver info: org.openqa.selenium.firefox.FirefoxDriver
Capabilities {acceptInsecureCerts: true, browserName: firefox, browserVersion: 114.0.1, moz:accessibilityChecks: false, moz:buildID: 20230608214645, moz:debuggerAddress: 127.0.0.1:23533, moz:geckodriverVersion: 0.33.0, moz:headless: false, moz:platformVersion: 10.0, moz:processID: 21664, moz:profile: C:\Users\SHIVANI\AppData\Lo..., moz:shutdownTimeout: 60000, moz:useNonSpecCompliantPointerOrigin: false, moz:webdriverClick: true, moz:windowless: false, pageLoadStrategy: normal, platformName: WINDOWS, proxy: Proxy(), se:cdp: ws://127.0.0.1:23533/devtoo..., se:cdpVersion: 85.0, setWindowRect: true, strictFileInteractability: false, timeouts: {implicit: 0, pageLoad: 300000, script: 30000}, unhandledPromptBehavior: dismiss and notify}
Session ID: 2293eec3-11f7-47fa-853c-e64e526d4d62">
      <![CDATA[org.openqa.selenium.TimeoutException: Expected condition failed: waiting for title to be "SHIVANI | Trello". Current title: "Boards | Trello" (tried for 35 second(s) with 500 milliseconds interval)
Build info: version: '4.9.0', revision: 'd7057100a6'
System info: os.name: 'Windows 11', os.arch: 'amd64', os.version: '10.0', java.version: '17.0.6'
Driver info: org.openqa.selenium.firefox.FirefoxDriver
Capabilities {acceptInsecureCerts: true, browserName: firefox, browserVersion: 114.0.1, moz:accessibilityChecks: false, moz:buildID: 20230608214645, moz:debuggerAddress: 127.0.0.1:23533, moz:geckodriverVersion: 0.33.0, moz:headless: false, moz:platformVersion: 10.0, moz:processID: 21664, moz:profile: C:\Users\SHIVANI\AppData\Lo..., moz:shutdownTimeout: 60000, moz:useNonSpecCompliantPointerOrigin: false, moz:webdriverClick: true, moz:windowless: false, pageLoadStrategy: normal, platformName: WINDOWS, proxy: Proxy(), se:cdp: ws://127.0.0.1:23533/devtoo..., se:cdpVersion: 85.0, setWindowRect: true, strictFileInteractability: false, timeouts: {implicit: 0, pageLoad: 300000, script: 30000}, unhandledPromptBehavior: dismiss and notify}
Session ID: 2293eec3-11f7-47fa-853c-e64e526d4d62
at org.openqa.selenium.support.ui.WebDriverWait.timeoutException(WebDriverWait.java:87)
at org.openqa.selenium.support.ui.FluentWait.until(FluentWait.java:231)
at com.qspiders.trello.genericutiliyu.WebDriverUtility.explicityWaitCompleteTitle(WebDriverUtility.java:30)
at TrelloEndToEndScenarios.TrelloBoards.trelloCreateAndDeleteBoard(TrelloBoards.java:154)
at java.base/java.util.ArrayList.forEach(ArrayList.java:1511)
... Removed 27 stack frames]]>
    </failure>
  </testcase> <!-- trelloCreateAndDeleteBoard -->
  <testcase classname="TrelloEndToEndScenarios.TrelloBoards" name="trelloCreateMultipleListAndSwapInCreatedBoard" time="51.926">
    <failure type="org.openqa.selenium.TimeoutException" message="Expected condition failed: waiting for title to be &amp;quot;SHIVANI | Trello&amp;quot;. Current title: &amp;quot;Boards | Trello&amp;quot; (tried for 35 second(s) with 500 milliseconds interval)
Build info: version: &amp;apos;4.9.0&amp;apos;, revision: &amp;apos;d7057100a6&amp;apos;
System info: os.name: &amp;apos;Windows 11&amp;apos;, os.arch: &amp;apos;amd64&amp;apos;, os.version: &amp;apos;10.0&amp;apos;, java.version: &amp;apos;17.0.6&amp;apos;
Driver info: org.openqa.selenium.firefox.FirefoxDriver
Capabilities {acceptInsecureCerts: true, browserName: firefox, browserVersion: 114.0.1, moz:accessibilityChecks: false, moz:buildID: 20230608214645, moz:debuggerAddress: 127.0.0.1:10612, moz:geckodriverVersion: 0.33.0, moz:headless: false, moz:platformVersion: 10.0, moz:processID: 11340, moz:profile: C:\Users\SHIVANI\AppData\Lo..., moz:shutdownTimeout: 60000, moz:useNonSpecCompliantPointerOrigin: false, moz:webdriverClick: true, moz:windowless: false, pageLoadStrategy: normal, platformName: WINDOWS, proxy: Proxy(), se:cdp: ws://127.0.0.1:10612/devtoo..., se:cdpVersion: 85.0, setWindowRect: true, strictFileInteractability: false, timeouts: {implicit: 0, pageLoad: 300000, script: 30000}, unhandledPromptBehavior: dismiss and notify}
Session ID: 1419eaff-5508-42da-a894-45c8356458bf">
      <![CDATA[org.openqa.selenium.TimeoutException: Expected condition failed: waiting for title to be "SHIVANI | Trello". Current title: "Boards | Trello" (tried for 35 second(s) with 500 milliseconds interval)
Build info: version: '4.9.0', revision: 'd7057100a6'
System info: os.name: 'Windows 11', os.arch: 'amd64', os.version: '10.0', java.version: '17.0.6'
Driver info: org.openqa.selenium.firefox.FirefoxDriver
Capabilities {acceptInsecureCerts: true, browserName: firefox, browserVersion: 114.0.1, moz:accessibilityChecks: false, moz:buildID: 20230608214645, moz:debuggerAddress: 127.0.0.1:10612, moz:geckodriverVersion: 0.33.0, moz:headless: false, moz:platformVersion: 10.0, moz:processID: 11340, moz:profile: C:\Users\SHIVANI\AppData\Lo..., moz:shutdownTimeout: 60000, moz:useNonSpecCompliantPointerOrigin: false, moz:webdriverClick: true, moz:windowless: false, pageLoadStrategy: normal, platformName: WINDOWS, proxy: Proxy(), se:cdp: ws://127.0.0.1:10612/devtoo..., se:cdpVersion: 85.0, setWindowRect: true, strictFileInteractability: false, timeouts: {implicit: 0, pageLoad: 300000, script: 30000}, unhandledPromptBehavior: dismiss and notify}
Session ID: 1419eaff-5508-42da-a894-45c8356458bf
at org.openqa.selenium.support.ui.WebDriverWait.timeoutException(WebDriverWait.java:87)
at org.openqa.selenium.support.ui.FluentWait.until(FluentWait.java:231)
at com.qspiders.trello.genericutiliyu.WebDriverUtility.explicityWaitCompleteTitle(WebDriverUtility.java:30)
at TrelloEndToEndScenarios.TrelloBoards.trelloCreateMultipleListAndSwapInCreatedBoard(TrelloBoards.java:235)
at java.base/java.util.ArrayList.forEach(ArrayList.java:1511)
... Removed 27 stack frames]]>
    </failure>
  </testcase> <!-- trelloCreateMultipleListAndSwapInCreatedBoard -->
  <testcase classname="TrelloEndToEndScenarios.TrelloBoards" name="trelloBoardPageCheck" time="0.0">
    <ignored/>
  </testcase> <!-- trelloBoardPageCheck -->
  <testcase classname="TrelloEndToEndScenarios.TrelloBoards" name="trelloHomePageCheck" time="0.0">
    <ignored/>
  </testcase> <!-- trelloHomePageCheck -->
  <testcase classname="TrelloEndToEndScenarios.TrelloBoards" name="trelloHomePage" time="0.0">
    <ignored/>
  </testcase> <!-- trelloHomePage -->
</testsuite> <!-- Default test(failed) -->
