<?xml version="1.0" encoding="UTF-8"?>
<!-- Generated by org.testng.reporters.JUnitXMLReporter -->
<testsuite ignored="4" hostname="SHIVANI2000" failures="0" tests="1" name="edgetest(failed)" time="51.611" errors="0" timestamp="2023-06-22T09:20:17 IST">
  <testcase classname="TrelloEndToEndScenarios.TrelloBoards1" name="trelloDragAndDropAllCardsIntoAnotherList" time="43.778"/>
  <testcase classname="TrelloEndToEndScenarios.TrelloBoards1" name="trelloBoardPageCheck" time="0.0">
    <ignored/>
  </testcase> <!-- trelloBoardPageCheck -->
  <testcase classname="TrelloEndToEndScenarios.TrelloBoards1" name="trelloHomePageCheck" time="0.0">
    <ignored/>
  </testcase> <!-- trelloHomePageCheck -->
  <testcase classname="TrelloEndToEndScenarios.TrelloBoards1" name="trelloHomePage" time="0.0">
    <ignored/>
  </testcase> <!-- trelloHomePage -->
  <testcase classname="TrelloEndToEndScenarios.TrelloBoards1" name="trelloCreateAndDeleteBoard" time="0.0">
    <ignored/>
  </testcase> <!-- trelloCreateAndDeleteBoard -->
</testsuite> <!-- edgetest(failed) -->
