<?xml version="1.0" encoding="UTF-8"?>
<!-- Generated by org.testng.reporters.JUnitXMLReporter -->
<testsuite ignored="0" hostname="SHIVANI2000" failures="0" tests="5" name="firefoxtest" time="223.083" errors="0" timestamp="2023-06-22T09:13:10 IST">
  <testcase classname="TrelloEndToEndScenarios.TrelloBoards1" name="trelloHomePage" time="1.93"/>
  <testcase classname="TrelloEndToEndScenarios.TrelloBoards1" name="trelloHomePageCheck" time="4.509"/>
  <testcase classname="TrelloEndToEndScenarios.TrelloBoards1" name="trelloBoardPageCheck" time="29.281"/>
  <testcase classname="TrelloEndToEndScenarios.TrelloBoards1" name="trelloCreateAndDeleteBoard" time="49.072"/>
  <testcase classname="TrelloEndToEndScenarios.TrelloBoards1" name="trelloDragAndDropAllCardsIntoAnotherList" time="34.815"/>
</testsuite> <!-- firefoxtest -->
