<?xml version="1.0" encoding="UTF-8"?>
<!-- Generated by org.testng.reporters.JUnitXMLReporter -->
<testsuite ignored="2" hostname="SHIVANI2000" failures="3" tests="3" name="systemtesting" time="0.06" errors="0" timestamp="2023-06-21T19:45:29 IST">
  <testcase classname="TrelloEndToEndScenarios.TrelloBoards" name="trelloBoardPageCheck" time="0.017">
    <failure type="java.lang.NullPointerException" message="Cannot invoke &amp;quot;org.openqa.selenium.WebDriver.manage()&amp;quot; because &amp;quot;driver&amp;quot; is null">
      <![CDATA[java.lang.NullPointerException: Cannot invoke "org.openqa.selenium.WebDriver.manage()" because "driver" is null
at com.qspiders.trello.genericutiliyu.WebDriverUtility.implicitywait(WebDriverUtility.java:15)
at TrelloEndToEndScenarios.TrelloBoards.trelloBoardPageCheck(TrelloBoards.java:51)
at java.base/java.util.ArrayList.forEach(ArrayList.java:1511)
... Removed 27 stack frames]]>
    </failure>
  </testcase> <!-- trelloBoardPageCheck -->
  <testcase classname="TrelloEndToEndScenarios.TrelloBoards" name="trelloCreateAndDeleteBoard" time="0.001">
    <failure type="java.lang.NullPointerException" message="Cannot invoke &amp;quot;org.openqa.selenium.WebDriver.manage()&amp;quot; because &amp;quot;driver&amp;quot; is null">
      <![CDATA[java.lang.NullPointerException: Cannot invoke "org.openqa.selenium.WebDriver.manage()" because "driver" is null
at com.qspiders.trello.genericutiliyu.WebDriverUtility.implicitywait(WebDriverUtility.java:15)
at TrelloEndToEndScenarios.TrelloBoards.trelloCreateAndDeleteBoard(TrelloBoards.java:110)
at java.base/java.util.ArrayList.forEach(ArrayList.java:1511)
... Removed 27 stack frames]]>
    </failure>
  </testcase> <!-- trelloCreateAndDeleteBoard -->
  <testcase classname="TrelloEndToEndScenarios.TrelloBoards" name="trelloCreateMultipleListAndSwapInCreatedBoard" time="0.001">
    <failure type="java.lang.NullPointerException" message="Cannot invoke &amp;quot;org.openqa.selenium.WebDriver.manage()&amp;quot; because &amp;quot;driver&amp;quot; is null">
      <![CDATA[java.lang.NullPointerException: Cannot invoke "org.openqa.selenium.WebDriver.manage()" because "driver" is null
at com.qspiders.trello.genericutiliyu.WebDriverUtility.implicitywait(WebDriverUtility.java:15)
at TrelloEndToEndScenarios.TrelloBoards.trelloCreateMultipleListAndSwapInCreatedBoard(TrelloBoards.java:191)
at java.base/java.util.ArrayList.forEach(ArrayList.java:1511)
... Removed 27 stack frames]]>
    </failure>
  </testcase> <!-- trelloCreateMultipleListAndSwapInCreatedBoard -->
  <testcase classname="TrelloEndToEndScenarios.TrelloBoards" name="trelloHomePageCheck" time="0.0">
    <ignored/>
  </testcase> <!-- trelloHomePageCheck -->
  <testcase classname="TrelloEndToEndScenarios.TrelloBoards" name="trelloHomePage" time="0.0">
    <ignored/>
  </testcase> <!-- trelloHomePage -->
</testsuite> <!-- systemtesting -->
