<?xml version="1.0" encoding="UTF-8"?>
<!-- Generated by org.testng.reporters.JUnitXMLReporter -->
<testsuite ignored="0" hostname="SHIVANI2000" failures="0" tests="5" name="Regression" time="131.585" errors="0" timestamp="2023-06-22T09:29:20 IST">
  <testcase classname="TrelloEndToEndScenarios.TrelloBoards" name="trelloHomePage" time="1.474"/>
  <testcase classname="TrelloEndToEndScenarios.TrelloBoards" name="trelloHomePageCheck" time="3.064"/>
  <testcase classname="TrelloEndToEndScenarios.TrelloBoards" name="trelloBoardPageCheck" time="20.218"/>
  <testcase classname="TrelloEndToEndScenarios.TrelloBoards" name="trelloCreateAndDeleteBoard" time="26.755"/>
  <testcase classname="TrelloEndToEndScenarios.TrelloBoards" name="trelloCreateMultipleListAndSwapInCreatedBoard" time="28.764"/>
</testsuite> <!-- Regression -->
